<?xml version="1.0" encoding="UTF-8"?>
<testsuite name="eu.mpwg.brixie.shared.api.SharedModuleTest" tests="3" skipped="0" failures="0" errors="0" timestamp="2025-08-26T04:32:35.625Z" hostname="pkrvmqc4gcfdwos" time="0.121">
  <properties/>
  <testcase name="testApiClientFactoryCreation" classname="eu.mpwg.brixie.shared.api.SharedModuleTest" time="0.119"/>
  <testcase name="testLegoThemeCreation" classname="eu.mpwg.brixie.shared.api.SharedModuleTest" time="0.001"/>
  <testcase name="testExceptionCreation" classname="eu.mpwg.brixie.shared.api.SharedModuleTest" time="0.001"/>
  <system-out><![CDATA[]]></system-out>
  <system-err><![CDATA[SLF4J(W): No SLF4J providers were found.
SLF4J(W): Defaulting to no-operation (NOP) logger implementation
SLF4J(W): See https://www.slf4j.org/codes.html#noProviders for further details.
]]></system-err>
</testsuite>
